<!DOCTYPE html>
<html>
<head>
<meta http-equiv="Content-Type" content="text/html; charset=utf-8"/>
<meta http-equiv="x-ua-compatible" content="IE=edge"/>
<title>Test results - Class Search pokemon about Apple on Main Page</title>
<link href="../css/base-style.css" rel="stylesheet" type="text/css"/>
<link href="../css/style.css" rel="stylesheet" type="text/css"/>
<script src="../js/report.js" type="text/javascript"></script>
</head>
<body>
<div id="content">
<h1>Class Search pokemon about Apple on Main Page</h1>
<div class="breadcrumbs">
<a href="../index.html">all</a> &gt; 
<a href="../packages/default-package.html">default-package</a> &gt; Search pokemon about Apple on Main Page</div>
<div id="summary">
<table>
<tr>
<td>
<div class="summaryGroup">
<table>
<tr>
<td>
<div class="infoBox" id="tests">
<div class="counter">9</div>
<p>tests</p>
</div>
</td>
<td>
<div class="infoBox" id="failures">
<div class="counter">2</div>
<p>failures</p>
</div>
</td>
<td>
<div class="infoBox" id="ignored">
<div class="counter">5</div>
<p>ignored</p>
</div>
</td>
<td>
<div class="infoBox" id="duration">
<div class="counter">20.823s</div>
<p>duration</p>
</div>
</td>
</tr>
</table>
</div>
</td>
<td>
<div class="infoBox failures" id="successRate">
<div class="percent">50%</div>
<p>successful</p>
</div>
</td>
</tr>
</table>
</div>
<div id="tabs">
<ul class="tabLinks">
<li>
<a href="#tab0">Failed tests</a>
</li>
<li>
<a href="#tab1">Tests</a>
</li>
<li>
<a href="#tab2">Standard error</a>
</li>
</ul>
<div id="tab0" class="tab">
<h2>Failed tests</h2>
<div class="test">
<a name="User click button search on home page"></a>
<h3 class="failures">User click button search on home page</h3>
<span class="code">
<pre>org.openqa.selenium.ElementNotInteractableException: element not interactable
  (Session info: chrome=81.0.4044.129)
Build info: version: '3.141.59', revision: 'e82be7d358', time: '2018-11-14T08:17:03'
System info: host: 'DNID0651L01.local', ip: 'fe80:0:0:0:1c9e:9069:4445:cd15%en0', os.name: 'Mac OS X', os.arch: 'x86_64', os.version: '10.15.4', java.version: '11.0.6'
Driver info: org.openqa.selenium.chrome.ChromeDriver
Capabilities {acceptInsecureCerts: false, browserName: chrome, browserVersion: 81.0.4044.129, chrome: {chromedriverVersion: 81.0.4044.69 (6813546031a4b..., userDataDir: /var/folders/ws/kthrtbsd3n9...}, goog:chromeOptions: {debuggerAddress: localhost:61444}, javascriptEnabled: true, networkConnectionEnabled: false, pageLoadStrategy: normal, platform: MAC, platformName: MAC, proxy: Proxy(), setWindowRect: true, strictFileInteractability: false, timeouts: {implicit: 0, pageLoad: 300000, script: 30000}, unhandledPromptBehavior: dismiss and notify, webauthn:virtualAuthenticators: true}
Session ID: 72b1b7612a2d320201fdf49b09f69c71
	at java.base/jdk.internal.reflect.NativeConstructorAccessorImpl.newInstance0(Native Method)
	at java.base/jdk.internal.reflect.NativeConstructorAccessorImpl.newInstance(NativeConstructorAccessorImpl.java:62)
	at java.base/jdk.internal.reflect.DelegatingConstructorAccessorImpl.newInstance(DelegatingConstructorAccessorImpl.java:45)
	at java.base/java.lang.reflect.Constructor.newInstance(Constructor.java:490)
	at org.openqa.selenium.remote.http.W3CHttpResponseCodec.createException(W3CHttpResponseCodec.java:187)
	at org.openqa.selenium.remote.http.W3CHttpResponseCodec.decode(W3CHttpResponseCodec.java:122)
	at org.openqa.selenium.remote.http.W3CHttpResponseCodec.decode(W3CHttpResponseCodec.java:49)
	at org.openqa.selenium.remote.HttpCommandExecutor.execute(HttpCommandExecutor.java:158)
	at org.openqa.selenium.remote.service.DriverCommandExecutor.execute(DriverCommandExecutor.java:83)
	at org.openqa.selenium.remote.RemoteWebDriver.execute(RemoteWebDriver.java:552)
	at org.openqa.selenium.remote.RemoteWebElement.execute(RemoteWebElement.java:285)
	at org.openqa.selenium.remote.RemoteWebElement.click(RemoteWebElement.java:84)
	at demo.pages.HomePage.clickSearch(HomePage.java:20)
	at demo.steps.WikipediaStepsDefinition.userClickButtonSearchOnHomePage(WikipediaStepsDefinition.java:35)
	at ✽.User click button search on home page(file:///Users/sihalohoo/IdeaProjects/Web_Oriani/src/test/resources/features/SearchWikipedia.feature:7)
</pre>
</span>
</div>
<div class="test">
<a name="classMethod"></a>
<h3 class="failures">classMethod</h3>
<span class="code">
<pre>org.openqa.selenium.ElementNotInteractableException: element not interactable
  (Session info: chrome=81.0.4044.129)
Build info: version: '3.141.59', revision: 'e82be7d358', time: '2018-11-14T08:17:03'
System info: host: 'DNID0651L01.local', ip: 'fe80:0:0:0:1c9e:9069:4445:cd15%en0', os.name: 'Mac OS X', os.arch: 'x86_64', os.version: '10.15.4', java.version: '11.0.6'
Driver info: org.openqa.selenium.chrome.ChromeDriver
Capabilities {acceptInsecureCerts: false, browserName: chrome, browserVersion: 81.0.4044.129, chrome: {chromedriverVersion: 81.0.4044.69 (6813546031a4b..., userDataDir: /var/folders/ws/kthrtbsd3n9...}, goog:chromeOptions: {debuggerAddress: localhost:61444}, javascriptEnabled: true, networkConnectionEnabled: false, pageLoadStrategy: normal, platform: MAC, platformName: MAC, proxy: Proxy(), setWindowRect: true, strictFileInteractability: false, timeouts: {implicit: 0, pageLoad: 300000, script: 30000}, unhandledPromptBehavior: dismiss and notify, webauthn:virtualAuthenticators: true}
Session ID: 72b1b7612a2d320201fdf49b09f69c71
	at java.base/jdk.internal.reflect.NativeConstructorAccessorImpl.newInstance0(Native Method)
	at java.base/jdk.internal.reflect.NativeConstructorAccessorImpl.newInstance(NativeConstructorAccessorImpl.java:62)
	at java.base/jdk.internal.reflect.DelegatingConstructorAccessorImpl.newInstance(DelegatingConstructorAccessorImpl.java:45)
	at java.base/java.lang.reflect.Constructor.newInstance(Constructor.java:490)
	at org.openqa.selenium.remote.http.W3CHttpResponseCodec.createException(W3CHttpResponseCodec.java:187)
	at org.openqa.selenium.remote.http.W3CHttpResponseCodec.decode(W3CHttpResponseCodec.java:122)
	at org.openqa.selenium.remote.http.W3CHttpResponseCodec.decode(W3CHttpResponseCodec.java:49)
	at org.openqa.selenium.remote.HttpCommandExecutor.execute(HttpCommandExecutor.java:158)
	at org.openqa.selenium.remote.service.DriverCommandExecutor.execute(DriverCommandExecutor.java:83)
	at org.openqa.selenium.remote.RemoteWebDriver.execute(RemoteWebDriver.java:552)
	at org.openqa.selenium.remote.RemoteWebElement.execute(RemoteWebElement.java:285)
	at org.openqa.selenium.remote.RemoteWebElement.click(RemoteWebElement.java:84)
	at demo.pages.HomePage.clickSearch(HomePage.java:20)
	at demo.steps.WikipediaStepsDefinition.userClickButtonSearchOnHomePage(WikipediaStepsDefinition.java:35)
	at ✽.User click button search on home page(file:///Users/sihalohoo/IdeaProjects/Web_Oriani/src/test/resources/features/SearchWikipedia.feature:7)
</pre>
</span>
</div>
</div>
<div id="tab1" class="tab">
<h2>Tests</h2>
<table>
<thead>
<tr>
<th>Test</th>
<th>Duration</th>
<th>Result</th>
</tr>
</thead>
<tr>
<td class="skipped">User click button search on Main page</td>
<td class="skipped">-</td>
<td class="skipped">ignored</td>
</tr>
<tr>
<td class="failures">User click button search on home page</td>
<td class="failures">5.059s</td>
<td class="failures">failed</td>
</tr>
<tr>
<td class="skipped">User input search &quot;Apple&quot; on Main page</td>
<td class="skipped">-</td>
<td class="skipped">ignored</td>
</tr>
<tr>
<td class="success">User input search &quot;Pikachu&quot; on home page</td>
<td class="success">0.427s</td>
<td class="success">passed</td>
</tr>
<tr>
<td class="skipped">User open Bulbapedia Main page</td>
<td class="skipped">-</td>
<td class="skipped">ignored</td>
</tr>
<tr>
<td class="success">User open Bulbapedia Main page</td>
<td class="success">3.953s</td>
<td class="success">passed</td>
</tr>
<tr>
<td class="skipped">User see article with title &quot;Apple&quot; on article page</td>
<td class="skipped">-</td>
<td class="skipped">ignored</td>
</tr>
<tr>
<td class="skipped">User see article with title &quot;Pikachu&quot; on article page</td>
<td class="skipped">-</td>
<td class="skipped">ignored</td>
</tr>
<tr>
<td class="failures">classMethod</td>
<td class="failures">11.380s</td>
<td class="failures">failed</td>
</tr>
</table>
</div>
<div id="tab2" class="tab">
<h2>Standard error</h2>
<span class="code">
<pre>Starting ChromeDriver 81.0.4044.69 (6813546031a4bc83f717a2ef7cd4ac6ec1199132-refs/branch-heads/4044@{#776}) on port 47076
Only local connections are allowed.
Please protect ports used by ChromeDriver and related test frameworks to prevent access by malicious code.
Apr 29, 2020 4:01:05 PM org.openqa.selenium.remote.ProtocolHandshake createSession
INFO: Detected dialect: W3C
[1588150866.434][SEVERE]: Timed out receiving message from renderer: 0.100
[1588150866.536][SEVERE]: Timed out receiving message from renderer: 0.100
[1588150866.639][SEVERE]: Timed out receiving message from renderer: 0.100
[1588150866.741][SEVERE]: Timed out receiving message from renderer: 0.100
[1588150866.843][SEVERE]: Timed out receiving message from renderer: 0.100
[1588150866.945][SEVERE]: Timed out receiving message from renderer: 0.100
[1588150867.047][SEVERE]: Timed out receiving message from renderer: 0.100
[1588150867.148][SEVERE]: Timed out receiving message from renderer: 0.100
[1588150867.252][SEVERE]: Timed out receiving message from renderer: 0.100
[1588150867.354][SEVERE]: Timed out receiving message from renderer: 0.100
[1588150867.833][SEVERE]: Timed out receiving message from renderer: 0.100
[1588150867.936][SEVERE]: Timed out receiving message from renderer: 0.100
[1588150868.107][SEVERE]: Timed out receiving message from renderer: 0.100
[1588150868.209][SEVERE]: Timed out receiving message from renderer: 0.100
[1588150868.311][SEVERE]: Timed out receiving message from renderer: 0.100
[1588150868.413][SEVERE]: Timed out receiving message from renderer: 0.100
[1588150868.517][SEVERE]: Timed out receiving message from renderer: 0.100
[1588150868.619][SEVERE]: Timed out receiving message from renderer: 0.100
[1588150868.721][SEVERE]: Timed out receiving message from renderer: 0.100
[1588150868.823][SEVERE]: Timed out receiving message from renderer: 0.100
[1588150868.925][SEVERE]: Timed out receiving message from renderer: 0.100
[1588150869.027][SEVERE]: Timed out receiving message from renderer: 0.100
[1588150869.128][SEVERE]: Timed out receiving message from renderer: 0.100
[1588150869.264][SEVERE]: Timed out receiving message from renderer: 0.100
</pre>
</span>
</div>
</div>
<div id="footer">
<p>
<div>
<label class="hidden" id="label-for-line-wrapping-toggle" for="line-wrapping-toggle">Wrap lines
<input id="line-wrapping-toggle" type="checkbox" autocomplete="off"/>
</label>
</div>Generated by 
<a href="http://www.gradle.org">Gradle 5.2.1</a> at Apr 29, 2020, 4:01:28 PM</p>
</div>
</div>
</body>
</html>
