<!DOCTYPE html>
<html>
<head>
<meta http-equiv="Content-Type" content="text/html; charset=utf-8"/>
<meta http-equiv="x-ua-compatible" content="IE=edge"/>
<title>Test results - Class Search article about Pear on Main Page</title>
<link href="../css/base-style.css" rel="stylesheet" type="text/css"/>
<link href="../css/style.css" rel="stylesheet" type="text/css"/>
<script src="../js/report.js" type="text/javascript"></script>
</head>
<body>
<div id="content">
<h1>Class Search article about Pear on Main Page</h1>
<div class="breadcrumbs">
<a href="../index.html">all</a> &gt; 
<a href="../packages/default-package.html">default-package</a> &gt; Search article about Pear on Main Page</div>
<div id="summary">
<table>
<tr>
<td>
<div class="summaryGroup">
<table>
<tr>
<td>
<div class="infoBox" id="tests">
<div class="counter">5</div>
<p>tests</p>
</div>
</td>
<td>
<div class="infoBox" id="failures">
<div class="counter">2</div>
<p>failures</p>
</div>
</td>
<td>
<div class="infoBox" id="ignored">
<div class="counter">1</div>
<p>ignored</p>
</div>
</td>
<td>
<div class="infoBox" id="duration">
<div class="counter">24.884s</div>
<p>duration</p>
</div>
</td>
</tr>
</table>
</div>
</td>
<td>
<div class="infoBox failures" id="successRate">
<div class="percent">50%</div>
<p>successful</p>
</div>
</td>
</tr>
</table>
</div>
<div id="tabs">
<ul class="tabLinks">
<li>
<a href="#tab0">Failed tests</a>
</li>
<li>
<a href="#tab1">Tests</a>
</li>
<li>
<a href="#tab2">Standard error</a>
</li>
</ul>
<div id="tab0" class="tab">
<h2>Failed tests</h2>
<div class="test">
<a name="User click button search on home page"></a>
<h3 class="failures">User click button search on home page</h3>
<span class="code">
<pre>org.openqa.selenium.ElementNotInteractableException: element not interactable
  (Session info: chrome=81.0.4044.129)
Build info: version: '3.141.59', revision: 'e82be7d358', time: '2018-11-14T08:17:03'
System info: host: 'DNID0651L01.local', ip: 'fe80:0:0:0:1c9e:9069:4445:cd15%en0', os.name: 'Mac OS X', os.arch: 'x86_64', os.version: '10.15.4', java.version: '11.0.6'
Driver info: org.openqa.selenium.chrome.ChromeDriver
Capabilities {acceptInsecureCerts: false, browserName: chrome, browserVersion: 81.0.4044.129, chrome: {chromedriverVersion: 81.0.4044.69 (6813546031a4b..., userDataDir: /var/folders/ws/kthrtbsd3n9...}, goog:chromeOptions: {debuggerAddress: localhost:61571}, javascriptEnabled: true, networkConnectionEnabled: false, pageLoadStrategy: normal, platform: MAC, platformName: MAC, proxy: Proxy(), setWindowRect: true, strictFileInteractability: false, timeouts: {implicit: 0, pageLoad: 300000, script: 30000}, unhandledPromptBehavior: dismiss and notify, webauthn:virtualAuthenticators: true}
Session ID: a1a80f8855c65254dac189f972a806b0
	at java.base/jdk.internal.reflect.NativeConstructorAccessorImpl.newInstance0(Native Method)
	at java.base/jdk.internal.reflect.NativeConstructorAccessorImpl.newInstance(NativeConstructorAccessorImpl.java:62)
	at java.base/jdk.internal.reflect.DelegatingConstructorAccessorImpl.newInstance(DelegatingConstructorAccessorImpl.java:45)
	at java.base/java.lang.reflect.Constructor.newInstance(Constructor.java:490)
	at org.openqa.selenium.remote.http.W3CHttpResponseCodec.createException(W3CHttpResponseCodec.java:187)
	at org.openqa.selenium.remote.http.W3CHttpResponseCodec.decode(W3CHttpResponseCodec.java:122)
	at org.openqa.selenium.remote.http.W3CHttpResponseCodec.decode(W3CHttpResponseCodec.java:49)
	at org.openqa.selenium.remote.HttpCommandExecutor.execute(HttpCommandExecutor.java:158)
	at org.openqa.selenium.remote.service.DriverCommandExecutor.execute(DriverCommandExecutor.java:83)
	at org.openqa.selenium.remote.RemoteWebDriver.execute(RemoteWebDriver.java:552)
	at org.openqa.selenium.remote.RemoteWebElement.execute(RemoteWebElement.java:285)
	at org.openqa.selenium.remote.RemoteWebElement.click(RemoteWebElement.java:84)
	at demo.pages.HomePage.clickSearch(HomePage.java:20)
	at demo.steps.WikipediaStepsDefinition.userClickButtonSearchOnHomePage(WikipediaStepsDefinition.java:35)
	at ✽.User click button search on home page(file:///Users/sihalohoo/IdeaProjects/Web_Oriani/src/test/resources/features/SearchWikipedia.feature:18)
</pre>
</span>
</div>
<div class="test">
<a name="classMethod"></a>
<h3 class="failures">classMethod</h3>
<span class="code">
<pre>org.openqa.selenium.ElementNotInteractableException: element not interactable
  (Session info: chrome=81.0.4044.129)
Build info: version: '3.141.59', revision: 'e82be7d358', time: '2018-11-14T08:17:03'
System info: host: 'DNID0651L01.local', ip: 'fe80:0:0:0:1c9e:9069:4445:cd15%en0', os.name: 'Mac OS X', os.arch: 'x86_64', os.version: '10.15.4', java.version: '11.0.6'
Driver info: org.openqa.selenium.chrome.ChromeDriver
Capabilities {acceptInsecureCerts: false, browserName: chrome, browserVersion: 81.0.4044.129, chrome: {chromedriverVersion: 81.0.4044.69 (6813546031a4b..., userDataDir: /var/folders/ws/kthrtbsd3n9...}, goog:chromeOptions: {debuggerAddress: localhost:61571}, javascriptEnabled: true, networkConnectionEnabled: false, pageLoadStrategy: normal, platform: MAC, platformName: MAC, proxy: Proxy(), setWindowRect: true, strictFileInteractability: false, timeouts: {implicit: 0, pageLoad: 300000, script: 30000}, unhandledPromptBehavior: dismiss and notify, webauthn:virtualAuthenticators: true}
Session ID: a1a80f8855c65254dac189f972a806b0
	at java.base/jdk.internal.reflect.NativeConstructorAccessorImpl.newInstance0(Native Method)
	at java.base/jdk.internal.reflect.NativeConstructorAccessorImpl.newInstance(NativeConstructorAccessorImpl.java:62)
	at java.base/jdk.internal.reflect.DelegatingConstructorAccessorImpl.newInstance(DelegatingConstructorAccessorImpl.java:45)
	at java.base/java.lang.reflect.Constructor.newInstance(Constructor.java:490)
	at org.openqa.selenium.remote.http.W3CHttpResponseCodec.createException(W3CHttpResponseCodec.java:187)
	at org.openqa.selenium.remote.http.W3CHttpResponseCodec.decode(W3CHttpResponseCodec.java:122)
	at org.openqa.selenium.remote.http.W3CHttpResponseCodec.decode(W3CHttpResponseCodec.java:49)
	at org.openqa.selenium.remote.HttpCommandExecutor.execute(HttpCommandExecutor.java:158)
	at org.openqa.selenium.remote.service.DriverCommandExecutor.execute(DriverCommandExecutor.java:83)
	at org.openqa.selenium.remote.RemoteWebDriver.execute(RemoteWebDriver.java:552)
	at org.openqa.selenium.remote.RemoteWebElement.execute(RemoteWebElement.java:285)
	at org.openqa.selenium.remote.RemoteWebElement.click(RemoteWebElement.java:84)
	at demo.pages.HomePage.clickSearch(HomePage.java:20)
	at demo.steps.WikipediaStepsDefinition.userClickButtonSearchOnHomePage(WikipediaStepsDefinition.java:35)
	at ✽.User click button search on home page(file:///Users/sihalohoo/IdeaProjects/Web_Oriani/src/test/resources/features/SearchWikipedia.feature:18)
</pre>
</span>
</div>
</div>
<div id="tab1" class="tab">
<h2>Tests</h2>
<table>
<thead>
<tr>
<th>Test</th>
<th>Duration</th>
<th>Result</th>
</tr>
</thead>
<tr>
<td class="failures">User click button search on home page</td>
<td class="failures">5.030s</td>
<td class="failures">failed</td>
</tr>
<tr>
<td class="success">User input search &quot;Pear&quot; on home page</td>
<td class="success">0.519s</td>
<td class="success">passed</td>
</tr>
<tr>
<td class="success">User open Bulbapedia Main page</td>
<td class="success">6.319s</td>
<td class="success">passed</td>
</tr>
<tr>
<td class="skipped">User see article with title &quot;Pear&quot; on article page</td>
<td class="skipped">-</td>
<td class="skipped">ignored</td>
</tr>
<tr>
<td class="failures">classMethod</td>
<td class="failures">13.016s</td>
<td class="failures">failed</td>
</tr>
</table>
</div>
<div id="tab2" class="tab">
<h2>Standard error</h2>
<span class="code">
<pre>Starting ChromeDriver 81.0.4044.69 (6813546031a4bc83f717a2ef7cd4ac6ec1199132-refs/branch-heads/4044@{#776}) on port 41209
Only local connections are allowed.
Please protect ports used by ChromeDriver and related test frameworks to prevent access by malicious code.
Apr 29, 2020 4:01:15 PM org.openqa.selenium.remote.ProtocolHandshake createSession
INFO: Detected dialect: W3C
[1588150877.476][SEVERE]: Timed out receiving message from renderer: 0.100
[1588150877.578][SEVERE]: Timed out receiving message from renderer: 0.100
[1588150877.681][SEVERE]: Timed out receiving message from renderer: 0.100
[1588150877.784][SEVERE]: Timed out receiving message from renderer: 0.100
[1588150877.886][SEVERE]: Timed out receiving message from renderer: 0.100
[1588150877.987][SEVERE]: Timed out receiving message from renderer: 0.100
[1588150878.089][SEVERE]: Timed out receiving message from renderer: 0.100
[1588150878.192][SEVERE]: Timed out receiving message from renderer: 0.100
[1588150878.294][SEVERE]: Timed out receiving message from renderer: 0.100
[1588150878.396][SEVERE]: Timed out receiving message from renderer: 0.100
[1588150878.498][SEVERE]: Timed out receiving message from renderer: 0.100
[1588150878.601][SEVERE]: Timed out receiving message from renderer: 0.100
[1588150878.703][SEVERE]: Timed out receiving message from renderer: 0.100
[1588150878.805][SEVERE]: Timed out receiving message from renderer: 0.100
[1588150879.142][SEVERE]: Timed out receiving message from renderer: 0.100
[1588150879.317][SEVERE]: Timed out receiving message from renderer: 0.100
[1588150879.420][SEVERE]: Timed out receiving message from renderer: 0.100
[1588150879.522][SEVERE]: Timed out receiving message from renderer: 0.100
[1588150879.624][SEVERE]: Timed out receiving message from renderer: 0.100
[1588150879.825][SEVERE]: Timed out receiving message from renderer: 0.100
[1588150879.927][SEVERE]: Timed out receiving message from renderer: 0.100
[1588150880.029][SEVERE]: Timed out receiving message from renderer: 0.100
[1588150880.130][SEVERE]: Timed out receiving message from renderer: 0.100
[1588150880.232][SEVERE]: Timed out receiving message from renderer: 0.100
[1588150880.334][SEVERE]: Timed out receiving message from renderer: 0.100
[1588150880.437][SEVERE]: Timed out receiving message from renderer: 0.100
[1588150880.538][SEVERE]: Timed out receiving message from renderer: 0.100
[1588150880.645][SEVERE]: Timed out receiving message from renderer: 0.100
[1588150880.747][SEVERE]: Timed out receiving message from renderer: 0.100
[1588150880.849][SEVERE]: Timed out receiving message from renderer: 0.100
[1588150880.951][SEVERE]: Timed out receiving message from renderer: 0.100
[1588150881.054][SEVERE]: Timed out receiving message from renderer: 0.100
[1588150881.155][SEVERE]: Timed out receiving message from renderer: 0.100
[1588150881.259][SEVERE]: Timed out receiving message from renderer: 0.100
[1588150881.361][SEVERE]: Timed out receiving message from renderer: 0.100
[1588150881.464][SEVERE]: Timed out receiving message from renderer: 0.100
[1588150881.565][SEVERE]: Timed out receiving message from renderer: 0.100
[1588150881.763][SEVERE]: Timed out receiving message from renderer: 0.100
[1588150881.865][SEVERE]: Timed out receiving message from renderer: 0.100
[1588150881.968][SEVERE]: Timed out receiving message from renderer: 0.100
[1588150882.070][SEVERE]: Timed out receiving message from renderer: 0.100
[1588150882.227][SEVERE]: Timed out receiving message from renderer: 0.100
</pre>
</span>
</div>
</div>
<div id="footer">
<p>
<div>
<label class="hidden" id="label-for-line-wrapping-toggle" for="line-wrapping-toggle">Wrap lines
<input id="line-wrapping-toggle" type="checkbox" autocomplete="off"/>
</label>
</div>Generated by 
<a href="http://www.gradle.org">Gradle 5.2.1</a> at Apr 29, 2020, 4:01:28 PM</p>
</div>
</div>
</body>
</html>
